2025-05-31T09:49:51.866Z | Worker: worker-1748684991865-42xn3rhcd | Task: a9058ec9-7428-4add-b40b-5897a3787554 | Message: Started processing: Test task from API test script
2025-05-31T09:49:53.886Z | Worker: worker-1748684991865-42xn3rhcd | Task: a9058ec9-7428-4add-b40b-5897a3787554 | Message: Completed successfully: Test task from API test script
2025-05-31T09:50:49.269Z | Worker: worker-1748685049267-x55x3mlki | Task: ce57dbba-a42a-410b-84a5-0716f623efd2 | Message: Started processing: Process customer order #1001
2025-05-31T09:50:49.294Z | Worker: worker-1748685049293-ksm1uo4mz | Task: 55c09f10-ca05-4698-b02d-586ef141780b | Message: Started processing: Process payment transaction
2025-05-31T09:50:49.332Z | Worker: worker-1748685049331-mtgdngo3c | Task: 01d75ec0-5937-4f57-94ba-6c06b8b093f1 | Message: Started processing: Send notification to admin
2025-05-31T09:50:49.348Z | Worker: worker-1748685049347-iq3kj3955 | Task: e88e203e-5891-4149-85cf-ca897d533518 | Message: Started processing: Send welcome email to new user
2025-05-31T09:50:49.367Z | Worker: worker-1748685049366-nvbzp0x4v | Task: bd177dcf-f00a-47f4-9009-2dc054100eef | Message: Started processing: Generate analytics report
2025-05-31T09:50:49.304Z | Worker: worker-1748685049302-v11k0b0uk | Task: 17b4f478-cb68-4b2a-98b0-fcfcdefbcfee | Message: Started processing: Update inventory levels
2025-05-31T09:50:49.332Z | Worker: worker-1748685049331-r9x9w9z87 | Task: c44fb528-3440-4d11-b328-3ec0b6055182 | Message: Started processing: Backup database
2025-05-31T09:50:49.303Z | Worker: worker-1748685049301-tszui7dlz | Task: 0f68f299-b18f-444f-995e-66d99fb43a0a | Message: Started processing: Generate monthly report
2025-05-31T09:50:51.301Z | Worker: worker-1748685049267-x55x3mlki | Task: ce57dbba-a42a-410b-84a5-0716f623efd2 | Message: Failed: Simulated failure for task ce57dbba-a42a-410b-84a5-0716f623efd2
2025-05-31T09:50:51.334Z | Worker: worker-1748685049293-ksm1uo4mz | Task: 55c09f10-ca05-4698-b02d-586ef141780b | Message: Completed successfully: Process payment transaction
2025-05-31T09:50:51.352Z | Worker: worker-1748685049331-mtgdngo3c | Task: 01d75ec0-5937-4f57-94ba-6c06b8b093f1 | Message: Completed successfully: Send notification to admin
2025-05-31T09:50:51.367Z | Worker: worker-1748685049347-iq3kj3955 | Task: e88e203e-5891-4149-85cf-ca897d533518 | Message: Completed successfully: Send welcome email to new user
2025-05-31T09:50:51.385Z | Worker: worker-1748685049366-nvbzp0x4v | Task: bd177dcf-f00a-47f4-9009-2dc054100eef | Message: Failed: Simulated failure for task bd177dcf-f00a-47f4-9009-2dc054100eef
2025-05-31T09:50:51.436Z | Worker: worker-1748685049302-v11k0b0uk | Task: 17b4f478-cb68-4b2a-98b0-fcfcdefbcfee | Message: Completed successfully: Update inventory levels
2025-05-31T09:50:51.468Z | Worker: worker-1748685049331-r9x9w9z87 | Task: c44fb528-3440-4d11-b328-3ec0b6055182 | Message: Completed successfully: Backup database
2025-05-31T09:50:51.650Z | Worker: worker-1748685049301-tszui7dlz | Task: 0f68f299-b18f-444f-995e-66d99fb43a0a | Message: Completed successfully: Generate monthly report
2025-06-01T08:40:31.667Z | Worker: worker-1748767231666-gqgpzakuk | Task: beabfbe2-44e7-4168-b0bb-81dc56352dde | Message: Started processing: Functionality test task
2025-06-01T08:40:33.691Z | Worker: worker-1748767231666-gqgpzakuk | Task: beabfbe2-44e7-4168-b0bb-81dc56352dde | Message: Failed: Simulated failure for task beabfbe2-44e7-4168-b0bb-81dc56352dde
2025-06-01T08:40:41.724Z | Worker: worker-1748767231666-gqgpzakuk | Task: 3c86b378-0e1f-45b0-b066-be8fb249fd8c | Message: Started processing: Final verification test
2025-06-01T08:40:43.734Z | Worker: worker-1748767231666-gqgpzakuk | Task: 3c86b378-0e1f-45b0-b066-be8fb249fd8c | Message: Failed: Simulated failure for task 3c86b378-0e1f-45b0-b066-be8fb249fd8c
